<?xml version="1.0" encoding="UTF-8"?>
<!-- Generated by org.testng.reporters.JUnitReportReporter -->
<testsuite ignored="0" hostname="DESKTOP-JASH6EC" failures="0" tests="1" name="prueba.pruebaTest" time="1.912" errors="0" timestamp="20 ene. 2024 15:51:03 GMT" skipped="0">
  <testcase classname="prueba.pruebaTest" name="f" time="1.912"/>
</testsuite> <!-- prueba.pruebaTest -->
