<?xml version="1.0" encoding="UTF-8"?>
<!-- Generated by org.testng.reporters.JUnitReportReporter -->
<testsuite ignored="0" hostname="DESKTOP-JASH6EC" failures="0" tests="1" name="prueba.pruebaTest" time="3.644" errors="0" timestamp="22 ene. 2024 08:22:35 GMT" skipped="0">
  <testcase classname="prueba.pruebaTest" name="f" time="3.644"/>
</testsuite> <!-- prueba.pruebaTest -->
